<?xml version="1.0" encoding="UTF-8"?>
<testsuite xmlns:xsi="http://www.w3.org/2001/XMLSchema-instance" xsi:noNamespaceSchemaLocation="https://maven.apache.org/surefire/maven-surefire-plugin/xsd/surefire-test-report.xsd" name="basic.file.test.BasicFileTest" time="0.055" tests="4" errors="0" skipped="0" failures="0">
  <properties>
[...]
</properties>
  <testcase name="checkCreateNewFile" classname="basic.file.test.BasicFileTest" time="0.02"/>
  <testcase name="checkDelete" classname="basic.file.test.BasicFileTest" time="0.001"/>
  <testcase name="checkWriteFile" classname="basic.file.test.BasicFileTest" time="0.022"/>
  <testcase name="checkReadFile" classname="basic.file.test.BasicFileTest" time="0.002"/>
</testsuite>